  main.cpp
A:\projects\cpp\gameOfLife\gameOfLife\main.cpp(55,53): warning C4244: аргумент: преобразование "double" в "T", возможна потеря данных
          with
          [
              T=float
          ]
A:\projects\cpp\gameOfLife\gameOfLife\main.cpp(55,39): warning C4244: аргумент: преобразование "double" в "T", возможна потеря данных
          with
          [
              T=float
          ]
A:\projects\cpp\gameOfLife\gameOfLife\main.cpp(56,59): warning C4244: аргумент: преобразование "double" в "T", возможна потеря данных
          with
          [
              T=float
          ]
A:\projects\cpp\gameOfLife\gameOfLife\main.cpp(56,45): warning C4244: аргумент: преобразование "double" в "T", возможна потеря данных
          with
          [
              T=float
          ]
A:\projects\cpp\gameOfLife\gameOfLife\main.cpp(57,65): warning C4244: аргумент: преобразование "double" в "T", возможна потеря данных
          with
          [
              T=float
          ]
A:\projects\cpp\gameOfLife\gameOfLife\main.cpp(57,45): warning C4244: аргумент: преобразование "double" в "T", возможна потеря данных
          with
          [
              T=float
          ]
A:\projects\cpp\gameOfLife\gameOfLife\main.cpp(58,59): warning C4244: аргумент: преобразование "double" в "T", возможна потеря данных
          with
          [
              T=float
          ]
A:\projects\cpp\gameOfLife\gameOfLife\main.cpp(58,39): warning C4244: аргумент: преобразование "double" в "T", возможна потеря данных
          with
          [
              T=float
          ]
A:\projects\cpp\gameOfLife\gameOfLife\main.cpp(123,10): warning C4244: return: преобразование "const double" в "unsigned int", возможна потеря данных
A:\projects\cpp\gameOfLife\gameOfLife\main.cpp(146,89): warning C4244: аргумент: преобразование "unsigned int" в "T", возможна потеря данных
          with
          [
              T=float
          ]
A:\projects\cpp\gameOfLife\gameOfLife\main.cpp(146,57): warning C4244: аргумент: преобразование "unsigned int" в "T", возможна потеря данных
          with
          [
              T=float
          ]
A:\projects\cpp\gameOfLife\gameOfLife\main.cpp(148,12): warning C4244: аргумент: преобразование "double" в "float", возможна потеря данных
A:\projects\cpp\gameOfLife\gameOfLife\main.cpp(171,16): warning C4244: аргумент: преобразование "double" в "float", возможна потеря данных
A:\projects\cpp\gameOfLife\gameOfLife\main.cpp(178,16): warning C4244: аргумент: преобразование "double" в "float", возможна потеря данных
A:\projects\cpp\gameOfLife\gameOfLife\main.cpp(222,23): warning C4244: *=: преобразование "double" в "T", возможна потеря данных
          with
          [
              T=float
          ]
A:\projects\cpp\gameOfLife\gameOfLife\main.cpp(223,23): warning C4244: *=: преобразование "double" в "T", возможна потеря данных
          with
          [
              T=float
          ]
A:\projects\cpp\gameOfLife\gameOfLife\main.cpp(236,37): warning C4018: >=: несоответствие типов со знаком и без знака
  Создание кода
  1 of 64 functions ( 1.6%) were compiled, the rest were copied from previous compilation.
    0 functions were new in current compilation
    0 functions had inline decision re-evaluated but remain unchanged
  Создание кода завершено
  gameOfLife.vcxproj -> A:\projects\cpp\gameOfLife\Release\gameOfLife.exe
